2015-08-21 14:12:21 EDT [28651]: [1-1] user=,db=,app=,client= LOG:  database system was shut down at 2015-08-21 14:11:30 EDT
2015-08-21 14:12:21 EDT [28651]: [2-1] user=,db=,app=,client= LOG:  MultiXact member wraparound protections are now enabled
2015-08-21 14:12:21 EDT [28650]: [1-1] user=,db=,app=,client= LOG:  database system is ready to accept connections
2015-08-21 14:12:21 EDT [28656]: [1-1] user=,db=,app=,client= LOG:  autovacuum launcher started
2015-08-21 14:17:21 EDT [28653]: [1-1] user=,db=,app=,client= LOG:  checkpoint starting: time
2015-08-21 14:17:21 EDT [28653]: [2-1] user=,db=,app=,client= LOG:  checkpoint complete: wrote 3 buffers (0.0%); 0 transaction log file(s) added, 0 removed, 0 recycled; write=0.213 s, sync=0.003 s, total=0.223 s; sync files=3, longest=0.001 s, average=0.001 s; distance=6 kB, estimate=6 kB
2015-08-21 14:22:21 EDT [28653]: [3-1] user=,db=,app=,client= LOG:  checkpoint starting: time
2015-08-21 14:22:21 EDT [28653]: [4-1] user=,db=,app=,client= LOG:  checkpoint complete: wrote 0 buffers (0.0%); 0 transaction log file(s) added, 0 removed, 0 recycled; write=0.005 s, sync=0.000 s, total=0.010 s; sync files=0, longest=0.000 s, average=0.000 s; distance=5 kB, estimate=6 kB
2015-08-21 14:27:21 EDT [28653]: [5-1] user=,db=,app=,client= LOG:  checkpoint starting: time
2015-08-21 14:27:21 EDT [28653]: [6-1] user=,db=,app=,client= LOG:  checkpoint complete: wrote 0 buffers (0.0%); 0 transaction log file(s) added, 0 removed, 0 recycled; write=0.005 s, sync=0.000 s, total=0.010 s; sync files=0, longest=0.000 s, average=0.000 s; distance=5 kB, estimate=6 kB
2015-08-21 14:32:08 EDT [29624]: [1-1] user=mark,db=dbt3,app=psql,client=[local] ERROR:  canceling statement due to statement timeout
2015-08-21 14:32:08 EDT [29624]: [2-1] user=mark,db=dbt3,app=psql,client=[local] STATEMENT:  select
		nation,
		o_year,
		sum(amount) as sum_profit
	from
		(
			select
				n_name as nation,
				extract(year from o_orderdate) as o_year,
				l_extendedprice * (1 - l_discount) - ps_supplycost * l_quantity as amount
			from
				part,
				supplier,
				lineitem,
				partsupp,
				orders,
				nation
			where
				s_suppkey = l_suppkey
				and ps_suppkey = l_suppkey
				and ps_partkey = l_partkey
				and p_partkey = l_partkey
				and o_orderkey = l_orderkey
				and s_nationkey = n_nationkey
				and p_name like '%lawn%'
		) as profit
	group by
		nation,
		o_year
	order by
		nation,
		o_year desc;
2015-08-21 14:32:09 EDT [29624]: [3-1] user=mark,db=dbt3,app=psql,client=[local] LOG:  Connection error failed to send ROLLBACK TRANSACTION command
2015-08-21 14:32:09 EDT [29624]: [4-1] user=mark,db=dbt3,app=psql,client=[local] LOG:  Connection error failed to send ROLLBACK TRANSACTION command
2015-08-21 14:32:09 EDT [29624]: [5-1] user=mark,db=dbt3,app=psql,client=[local] LOG:  Connection error failed to send ROLLBACK TRANSACTION command
2015-08-21 14:32:09 EDT [29624]: [6-1] user=mark,db=dbt3,app=psql,client=[local] LOG:  Connection error failed to send ROLLBACK TRANSACTION command
2015-08-21 14:32:09 EDT [29624]: [7-1] user=mark,db=dbt3,app=psql,client=[local] LOG:  Connection error failed to send ROLLBACK TRANSACTION command
2015-08-21 14:32:09 EDT [29624]: [8-1] user=mark,db=dbt3,app=psql,client=[local] LOG:  Connection error failed to send ROLLBACK TRANSACTION command
2015-08-21 14:32:09 EDT [29624]: [9-1] user=mark,db=dbt3,app=psql,client=[local] LOG:  Connection error failed to send ROLLBACK TRANSACTION command
2015-08-21 14:32:09 EDT [29624]: [10-1] user=mark,db=dbt3,app=psql,client=[local] LOG:  Connection error failed to send ROLLBACK TRANSACTION command
2015-08-21 14:32:09 EDT [29624]: [11-1] user=mark,db=dbt3,app=psql,client=[local] LOG:  Connection error failed to send ROLLBACK TRANSACTION command
2015-08-21 14:32:09 EDT [29624]: [12-1] user=mark,db=dbt3,app=psql,client=[local] LOG:  Connection error failed to send ROLLBACK TRANSACTION command
2015-08-21 14:32:09 EDT [29624]: [13-1] user=mark,db=dbt3,app=psql,client=[local] LOG:  Connection error failed to send ROLLBACK TRANSACTION command
2015-08-21 14:32:09 EDT [29624]: [14-1] user=mark,db=dbt3,app=psql,client=[local] LOG:  Connection error failed to send ROLLBACK TRANSACTION command
2015-08-21 14:32:09 EDT [29624]: [15-1] user=mark,db=dbt3,app=psql,client=[local] LOG:  Connection error failed to send ROLLBACK TRANSACTION command
2015-08-21 14:32:09 EDT [29624]: [16-1] user=mark,db=dbt3,app=psql,client=[local] LOG:  Connection error failed to send ROLLBACK TRANSACTION command
2015-08-21 14:32:09 EDT [29624]: [17-1] user=mark,db=dbt3,app=psql,client=[local] LOG:  Connection error failed to send ROLLBACK TRANSACTION command
2015-08-21 14:32:09 EDT [29624]: [18-1] user=mark,db=dbt3,app=psql,client=[local] LOG:  Connection error failed to send ROLLBACK TRANSACTION command
2015-08-21 14:32:21 EDT [28653]: [7-1] user=,db=,app=,client= LOG:  checkpoint starting: time
2015-08-21 14:32:22 EDT [28653]: [8-1] user=,db=,app=,client= LOG:  checkpoint complete: wrote 0 buffers (0.0%); 0 transaction log file(s) added, 0 removed, 0 recycled; write=0.005 s, sync=0.000 s, total=0.010 s; sync files=0, longest=0.000 s, average=0.000 s; distance=5 kB, estimate=6 kB
2015-08-21 14:37:21 EDT [28653]: [9-1] user=,db=,app=,client= LOG:  checkpoint starting: time
2015-08-21 14:37:21 EDT [28653]: [10-1] user=,db=,app=,client= LOG:  checkpoint complete: wrote 0 buffers (0.0%); 0 transaction log file(s) added, 0 removed, 0 recycled; write=0.005 s, sync=0.000 s, total=0.009 s; sync files=0, longest=0.000 s, average=0.000 s; distance=5 kB, estimate=6 kB
2015-08-21 14:42:21 EDT [28653]: [11-1] user=,db=,app=,client= LOG:  checkpoint starting: time
2015-08-21 14:42:21 EDT [28653]: [12-1] user=,db=,app=,client= LOG:  checkpoint complete: wrote 0 buffers (0.0%); 0 transaction log file(s) added, 0 removed, 0 recycled; write=0.005 s, sync=0.000 s, total=0.010 s; sync files=0, longest=0.000 s, average=0.000 s; distance=5 kB, estimate=5 kB
2015-08-21 14:47:21 EDT [28653]: [13-1] user=,db=,app=,client= LOG:  checkpoint starting: time
2015-08-21 14:47:21 EDT [28653]: [14-1] user=,db=,app=,client= LOG:  checkpoint complete: wrote 0 buffers (0.0%); 0 transaction log file(s) added, 0 removed, 0 recycled; write=0.005 s, sync=0.000 s, total=0.010 s; sync files=0, longest=0.000 s, average=0.000 s; distance=5 kB, estimate=5 kB
2015-08-21 14:48:49 EDT [995]: [1-1] user=mark,db=dbt3,app=psql,client=[local] ERROR:  canceling statement due to statement timeout
2015-08-21 14:48:49 EDT [995]: [2-1] user=mark,db=dbt3,app=psql,client=[local] STATEMENT:  select
		s_name,
		s_address
	from
		supplier,
		nation
	where
		s_suppkey in (
			select
				ps_suppkey
			from
				partsupp
			where
				ps_partkey in (
					select
						p_partkey
					from
						part
					where
						p_name like 'drab%'
				)
				and ps_availqty > (
					select
						0.5 * sum(l_quantity)
					from
						lineitem
					where
						l_partkey = ps_partkey
						and l_suppkey = ps_suppkey
						and l_shipdate >= '1997-01-01'
						and l_shipdate < cast(date '1997-01-01' + interval '1 year' as date)
				)
		)
		and s_nationkey = n_nationkey
		and n_name = 'ARGENTINA'
	order by
		s_name;
2015-08-21 14:48:49 EDT [995]: [3-1] user=mark,db=dbt3,app=psql,client=[local] LOG:  Connection error canceling statement due to statement timeout
2015-08-21 14:48:49 EDT [995]: [4-1] user=mark,db=dbt3,app=psql,client=[local] LOG:  Connection error canceling statement due to statement timeout
2015-08-21 14:48:49 EDT [995]: [5-1] user=mark,db=dbt3,app=psql,client=[local] LOG:  Connection error canceling statement due to statement timeout
2015-08-21 14:48:49 EDT [995]: [6-1] user=mark,db=dbt3,app=psql,client=[local] LOG:  Connection error canceling statement due to statement timeout
2015-08-21 14:48:49 EDT [995]: [7-1] user=mark,db=dbt3,app=psql,client=[local] LOG:  Connection error canceling statement due to statement timeout
2015-08-21 14:48:49 EDT [995]: [8-1] user=mark,db=dbt3,app=psql,client=[local] LOG:  Connection error canceling statement due to statement timeout
2015-08-21 14:48:49 EDT [995]: [9-1] user=mark,db=dbt3,app=psql,client=[local] LOG:  Connection error canceling statement due to statement timeout
2015-08-21 14:48:49 EDT [995]: [10-1] user=mark,db=dbt3,app=psql,client=[local] LOG:  Connection error canceling statement due to statement timeout
2015-08-21 14:48:49 EDT [995]: [11-1] user=mark,db=dbt3,app=psql,client=[local] LOG:  Connection error canceling statement due to statement timeout
2015-08-21 14:48:49 EDT [995]: [12-1] user=mark,db=dbt3,app=psql,client=[local] LOG:  Connection error canceling statement due to statement timeout
2015-08-21 14:48:49 EDT [995]: [13-1] user=mark,db=dbt3,app=psql,client=[local] LOG:  Connection error canceling statement due to statement timeout
2015-08-21 14:48:49 EDT [995]: [14-1] user=mark,db=dbt3,app=psql,client=[local] LOG:  Connection error canceling statement due to statement timeout
2015-08-21 14:48:49 EDT [995]: [15-1] user=mark,db=dbt3,app=psql,client=[local] LOG:  Connection error canceling statement due to statement timeout
2015-08-21 14:48:49 EDT [995]: [16-1] user=mark,db=dbt3,app=psql,client=[local] LOG:  Connection error canceling statement due to statement timeout
2015-08-21 14:48:49 EDT [995]: [17-1] user=mark,db=dbt3,app=psql,client=[local] LOG:  Connection error canceling statement due to statement timeout
2015-08-21 14:48:49 EDT [995]: [18-1] user=mark,db=dbt3,app=psql,client=[local] LOG:  Connection error canceling statement due to statement timeout
2015-08-21 14:48:49 EDT [995]: [19-1] user=mark,db=dbt3,app=psql,client=[local] LOG:  Connection error canceling statement due to statement timeout
2015-08-21 14:48:49 EDT [995]: [20-1] user=mark,db=dbt3,app=psql,client=[local] LOG:  Connection error canceling statement due to statement timeout
2015-08-21 14:48:49 EDT [995]: [21-1] user=mark,db=dbt3,app=psql,client=[local] LOG:  Connection error canceling statement due to statement timeout
2015-08-21 14:48:49 EDT [995]: [22-1] user=mark,db=dbt3,app=psql,client=[local] LOG:  Connection error canceling statement due to statement timeout
2015-08-21 14:48:49 EDT [995]: [23-1] user=mark,db=dbt3,app=psql,client=[local] LOG:  Connection error canceling statement due to statement timeout
2015-08-21 14:48:49 EDT [995]: [24-1] user=mark,db=dbt3,app=psql,client=[local] LOG:  Connection error failed to send ROLLBACK TRANSACTION command
2015-08-21 14:48:49 EDT [995]: [25-1] user=mark,db=dbt3,app=psql,client=[local] LOG:  Connection error failed to send ROLLBACK TRANSACTION command
2015-08-21 14:48:49 EDT [995]: [26-1] user=mark,db=dbt3,app=psql,client=[local] LOG:  Connection error failed to send ROLLBACK TRANSACTION command
2015-08-21 14:48:49 EDT [995]: [27-1] user=mark,db=dbt3,app=psql,client=[local] LOG:  Connection error failed to send ROLLBACK TRANSACTION command
2015-08-21 14:48:49 EDT [995]: [28-1] user=mark,db=dbt3,app=psql,client=[local] LOG:  Connection error failed to send ROLLBACK TRANSACTION command
2015-08-21 14:48:49 EDT [995]: [29-1] user=mark,db=dbt3,app=psql,client=[local] LOG:  Connection error failed to send ROLLBACK TRANSACTION command
2015-08-21 14:48:49 EDT [995]: [30-1] user=mark,db=dbt3,app=psql,client=[local] LOG:  Connection error failed to send ROLLBACK TRANSACTION command
2015-08-21 14:48:49 EDT [995]: [31-1] user=mark,db=dbt3,app=psql,client=[local] LOG:  Connection error failed to send ROLLBACK TRANSACTION command
2015-08-21 14:48:49 EDT [995]: [32-1] user=mark,db=dbt3,app=psql,client=[local] LOG:  Connection error failed to send ROLLBACK TRANSACTION command
2015-08-21 14:48:49 EDT [995]: [33-1] user=mark,db=dbt3,app=psql,client=[local] LOG:  Connection error failed to send ROLLBACK TRANSACTION command
2015-08-21 14:48:49 EDT [995]: [34-1] user=mark,db=dbt3,app=psql,client=[local] LOG:  Connection error failed to send ROLLBACK TRANSACTION command
2015-08-21 14:48:49 EDT [995]: [35-1] user=mark,db=dbt3,app=psql,client=[local] LOG:  Connection error failed to send ROLLBACK TRANSACTION command
2015-08-21 14:48:49 EDT [995]: [36-1] user=mark,db=dbt3,app=psql,client=[local] LOG:  Connection error failed to send ROLLBACK TRANSACTION command
2015-08-21 14:48:49 EDT [995]: [37-1] user=mark,db=dbt3,app=psql,client=[local] LOG:  Connection error failed to send ROLLBACK TRANSACTION command
2015-08-21 14:48:49 EDT [995]: [38-1] user=mark,db=dbt3,app=psql,client=[local] LOG:  Connection error failed to send ROLLBACK TRANSACTION command
2015-08-21 14:48:49 EDT [995]: [39-1] user=mark,db=dbt3,app=psql,client=[local] LOG:  Connection error failed to send ROLLBACK TRANSACTION command
2015-08-21 14:52:21 EDT [28653]: [15-1] user=,db=,app=,client= LOG:  checkpoint starting: time
2015-08-21 14:52:21 EDT [28653]: [16-1] user=,db=,app=,client= LOG:  checkpoint complete: wrote 0 buffers (0.0%); 0 transaction log file(s) added, 0 removed, 0 recycled; write=0.005 s, sync=0.000 s, total=0.010 s; sync files=0, longest=0.000 s, average=0.000 s; distance=5 kB, estimate=5 kB
2015-08-21 14:57:21 EDT [28653]: [17-1] user=,db=,app=,client= LOG:  checkpoint starting: time
2015-08-21 14:57:21 EDT [28653]: [18-1] user=,db=,app=,client= LOG:  checkpoint complete: wrote 0 buffers (0.0%); 0 transaction log file(s) added, 0 removed, 0 recycled; write=0.005 s, sync=0.000 s, total=0.011 s; sync files=0, longest=0.000 s, average=0.000 s; distance=5 kB, estimate=5 kB
2015-08-21 15:02:21 EDT [28653]: [19-1] user=,db=,app=,client= LOG:  checkpoint starting: time
2015-08-21 15:02:21 EDT [28653]: [20-1] user=,db=,app=,client= LOG:  checkpoint complete: wrote 0 buffers (0.0%); 0 transaction log file(s) added, 0 removed, 0 recycled; write=0.005 s, sync=0.000 s, total=0.010 s; sync files=0, longest=0.000 s, average=0.000 s; distance=5 kB, estimate=5 kB
2015-08-21 15:07:21 EDT [28653]: [21-1] user=,db=,app=,client= LOG:  checkpoint starting: time
2015-08-21 15:07:21 EDT [28653]: [22-1] user=,db=,app=,client= LOG:  checkpoint complete: wrote 0 buffers (0.0%); 0 transaction log file(s) added, 0 removed, 0 recycled; write=0.005 s, sync=0.000 s, total=0.009 s; sync files=0, longest=0.000 s, average=0.000 s; distance=5 kB, estimate=5 kB
2015-08-21 15:12:21 EDT [28653]: [23-1] user=,db=,app=,client= LOG:  checkpoint starting: time
2015-08-21 15:12:21 EDT [28653]: [24-1] user=,db=,app=,client= LOG:  checkpoint complete: wrote 0 buffers (0.0%); 0 transaction log file(s) added, 0 removed, 0 recycled; write=0.005 s, sync=0.000 s, total=0.010 s; sync files=0, longest=0.000 s, average=0.000 s; distance=5 kB, estimate=5 kB
2015-08-21 15:17:21 EDT [28653]: [25-1] user=,db=,app=,client= LOG:  checkpoint starting: time
2015-08-21 15:17:23 EDT [28653]: [26-1] user=,db=,app=,client= LOG:  checkpoint complete: wrote 21 buffers (0.0%); 0 transaction log file(s) added, 0 removed, 0 recycled; write=2.010 s, sync=0.015 s, total=2.030 s; sync files=16, longest=0.001 s, average=0.000 s; distance=113 kB, estimate=113 kB
2015-08-21 15:22:22 EDT [28653]: [27-1] user=,db=,app=,client= LOG:  checkpoint starting: time
2015-08-21 15:22:22 EDT [28653]: [28-1] user=,db=,app=,client= LOG:  checkpoint complete: wrote 5 buffers (0.0%); 0 transaction log file(s) added, 0 removed, 0 recycled; write=0.406 s, sync=0.004 s, total=0.420 s; sync files=5, longest=0.001 s, average=0.000 s; distance=32 kB, estimate=104 kB
2015-08-21 15:27:22 EDT [28653]: [29-1] user=,db=,app=,client= LOG:  checkpoint starting: time
2015-08-21 15:27:22 EDT [28653]: [30-1] user=,db=,app=,client= LOG:  checkpoint complete: wrote 0 buffers (0.0%); 0 transaction log file(s) added, 0 removed, 0 recycled; write=0.005 s, sync=0.000 s, total=0.010 s; sync files=0, longest=0.000 s, average=0.000 s; distance=5 kB, estimate=95 kB
2015-08-21 15:30:30 EDT [15378]: [1-1] user=mark,db=dbt3,app=psql,client=[local] LOG:  Getting relation statistics for pg_temp_2.tmp_orderkey2
2015-08-21 15:30:30 EDT [15378]: [2-1] user=mark,db=dbt3,app=psql,client=[local] STATEMENT:  ANALYZE tmp_orderkey2;
2015-08-21 15:30:30 EDT [15378]: [3-1] user=mark,db=dbt3,app=psql,client=[local] LOG:  Getting detailed statistics for pg_temp_2.tmp_orderkey2
2015-08-21 15:30:30 EDT [15378]: [4-1] user=mark,db=dbt3,app=psql,client=[local] STATEMENT:  ANALYZE tmp_orderkey2;
2015-08-21 15:30:33 EDT [28650]: [2-1] user=,db=,app=,client= LOG:  received fast shutdown request
2015-08-21 15:30:33 EDT [28650]: [3-1] user=,db=,app=,client= LOG:  aborting any active transactions
2015-08-21 15:30:33 EDT [28656]: [2-1] user=,db=,app=,client= LOG:  autovacuum launcher shutting down
2015-08-21 15:30:33 EDT [28653]: [31-1] user=,db=,app=,client= LOG:  shutting down
2015-08-21 15:30:33 EDT [28653]: [32-1] user=,db=,app=,client= LOG:  checkpoint starting: shutdown immediate
2015-08-21 15:30:33 EDT [28653]: [33-1] user=,db=,app=,client= LOG:  checkpoint complete: wrote 28 buffers (0.0%); 0 transaction log file(s) added, 0 removed, 0 recycled; write=0.005 s, sync=0.018 s, total=0.030 s; sync files=22, longest=0.001 s, average=0.000 s; distance=122 kB, estimate=122 kB
2015-08-21 15:30:33 EDT [28653]: [34-1] user=,db=,app=,client= LOG:  database system is shut down
