2015-08-21 13:23:54 EDT [15440]: [1-1] user=,db=,app=,client= LOG:  database system was shut down at 2015-08-21 13:23:01 EDT
2015-08-21 13:23:54 EDT [15440]: [2-1] user=,db=,app=,client= LOG:  MultiXact member wraparound protections are now enabled
2015-08-21 13:23:54 EDT [15439]: [1-1] user=,db=,app=,client= LOG:  database system is ready to accept connections
2015-08-21 13:23:54 EDT [15445]: [1-1] user=,db=,app=,client= LOG:  autovacuum launcher started
2015-08-21 13:23:57 EDT [15442]: [1-1] user=,db=,app=,client= LOG:  checkpoint starting: immediate force wait flush-all
2015-08-21 13:23:57 EDT [15442]: [2-1] user=,db=,app=,client= LOG:  checkpoint complete: wrote 9 buffers (0.0%); 0 transaction log file(s) added, 0 removed, 0 recycled; write=0.012 s, sync=0.007 s, total=0.027 s; sync files=9, longest=0.001 s, average=0.000 s; distance=32 kB, estimate=32 kB
2015-08-21 13:23:57 EDT [15442]: [3-1] user=,db=,app=,client= LOG:  checkpoint starting: immediate force wait
2015-08-21 13:23:57 EDT [15442]: [4-1] user=,db=,app=,client= LOG:  checkpoint complete: wrote 0 buffers (0.0%); 0 transaction log file(s) added, 0 removed, 0 recycled; write=0.005 s, sync=0.000 s, total=0.008 s; sync files=0, longest=0.000 s, average=0.000 s; distance=0 kB, estimate=29 kB
2015-08-21 13:25:25 EDT [17258]: [1-1] user=,db=,app=,client= LOG:  Getting relation statistics for public.supplier
2015-08-21 13:26:25 EDT [17493]: [1-1] user=,db=,app=,client= LOG:  Getting relation statistics for public.part
2015-08-21 13:28:25 EDT [17963]: [1-1] user=,db=,app=,client= LOG:  Getting relation statistics for public.customer
2015-08-21 13:28:57 EDT [15442]: [5-1] user=,db=,app=,client= LOG:  checkpoint starting: time
2015-08-21 13:29:05 EDT [15442]: [6-1] user=,db=,app=,client= LOG:  checkpoint complete: wrote 64 buffers (0.0%); 0 transaction log file(s) added, 0 removed, 0 recycled; write=6.819 s, sync=0.383 s, total=7.257 s; sync files=34, longest=0.021 s, average=0.011 s; distance=279 kB, estimate=279 kB
2015-08-21 13:33:57 EDT [15442]: [7-1] user=,db=,app=,client= LOG:  checkpoint starting: time
2015-08-21 13:33:57 EDT [15442]: [8-1] user=,db=,app=,client= LOG:  checkpoint complete: wrote 0 buffers (0.0%); 0 transaction log file(s) added, 0 removed, 0 recycled; write=0.006 s, sync=0.000 s, total=0.044 s; sync files=0, longest=0.000 s, average=0.000 s; distance=4 kB, estimate=251 kB
2015-08-21 13:37:14 EDT [17258]: [2-1] user=,db=,app=,client= LOG:  Getting detailed statistics for public.supplier
2015-08-21 13:37:41 EDT [17493]: [2-1] user=,db=,app=,client= LOG:  Getting detailed statistics for public.part
2015-08-21 13:37:45 EDT [17963]: [2-1] user=,db=,app=,client= LOG:  Getting detailed statistics for public.customer
2015-08-21 13:37:48 EDT [20025]: [1-1] user=mark,db=dbt3,app=psql,client=[local] LOG:  sending cancel to blocking autovacuum PID 17493
2015-08-21 13:37:48 EDT [20025]: [2-1] user=mark,db=dbt3,app=psql,client=[local] DETAIL:  Process 20025 waits for ShareLock on relation 16404 of database 16400.
2015-08-21 13:37:48 EDT [20025]: [3-1] user=mark,db=dbt3,app=psql,client=[local] STATEMENT:  
	CREATE INDEX part_p_size_idx
	ON part(p_size);
2015-08-21 13:37:48 EDT [20025]: [4-1] user=mark,db=dbt3,app=psql,client=[local] LOG:  process 20025 still waiting for ShareLock on relation 16404 of database 16400 after 1007.760 ms
2015-08-21 13:37:48 EDT [20025]: [5-1] user=mark,db=dbt3,app=psql,client=[local] DETAIL:  Process holding the lock: 17493. Wait queue: 20025, 20029, 20026, 20028, 20030.
2015-08-21 13:37:48 EDT [20025]: [6-1] user=mark,db=dbt3,app=psql,client=[local] STATEMENT:  
	CREATE INDEX part_p_size_idx
	ON part(p_size);
2015-08-21 13:37:48 EDT [20029]: [1-1] user=mark,db=dbt3,app=psql,client=[local] LOG:  sending cancel to blocking autovacuum PID 17493
2015-08-21 13:37:48 EDT [20029]: [2-1] user=mark,db=dbt3,app=psql,client=[local] DETAIL:  Process 20029 waits for AccessExclusiveLock on relation 16404 of database 16400.
2015-08-21 13:37:48 EDT [20029]: [3-1] user=mark,db=dbt3,app=psql,client=[local] STATEMENT:  
	ALTER TABLE part
	ADD CONSTRAINT pk_part PRIMARY KEY (p_partkey) ;
2015-08-21 13:37:48 EDT [20029]: [4-1] user=mark,db=dbt3,app=psql,client=[local] LOG:  process 20029 still waiting for AccessExclusiveLock on relation 16404 of database 16400 after 1005.427 ms
2015-08-21 13:37:48 EDT [20029]: [5-1] user=mark,db=dbt3,app=psql,client=[local] DETAIL:  Process holding the lock: 17493. Wait queue: 20025, 20029, 20026, 20028, 20030.
2015-08-21 13:37:48 EDT [20029]: [6-1] user=mark,db=dbt3,app=psql,client=[local] STATEMENT:  
	ALTER TABLE part
	ADD CONSTRAINT pk_part PRIMARY KEY (p_partkey) ;
2015-08-21 13:37:48 EDT [20026]: [1-1] user=mark,db=dbt3,app=psql,client=[local] LOG:  sending cancel to blocking autovacuum PID 17493
2015-08-21 13:37:48 EDT [20026]: [2-1] user=mark,db=dbt3,app=psql,client=[local] DETAIL:  Process 20026 waits for ShareLock on relation 16404 of database 16400.
2015-08-21 13:37:48 EDT [20026]: [3-1] user=mark,db=dbt3,app=psql,client=[local] STATEMENT:  
	CREATE INDEX part_p_type_p_partkey_idx
	ON part(p_type, p_partkey);
2015-08-21 13:37:48 EDT [20026]: [4-1] user=mark,db=dbt3,app=psql,client=[local] LOG:  process 20026 still waiting for ShareLock on relation 16404 of database 16400 after 1004.537 ms
2015-08-21 13:37:48 EDT [20026]: [5-1] user=mark,db=dbt3,app=psql,client=[local] DETAIL:  Process holding the lock: 17493. Wait queue: 20025, 20029, 20026, 20028, 20030.
2015-08-21 13:37:48 EDT [20026]: [6-1] user=mark,db=dbt3,app=psql,client=[local] STATEMENT:  
	CREATE INDEX part_p_type_p_partkey_idx
	ON part(p_type, p_partkey);
2015-08-21 13:37:48 EDT [17493]: [3-1] user=,db=,app=,client= ERROR:  canceling autovacuum task
2015-08-21 13:37:48 EDT [17493]: [4-1] user=,db=,app=,client= CONTEXT:  automatic analyze of table "dbt3.public.part"
2015-08-21 13:37:48 EDT [20028]: [1-1] user=mark,db=dbt3,app=psql,client=[local] LOG:  sending cancel to blocking autovacuum PID 17493
2015-08-21 13:37:48 EDT [20028]: [2-1] user=mark,db=dbt3,app=psql,client=[local] DETAIL:  Process 20028 waits for ShareLock on relation 16404 of database 16400.
2015-08-21 13:37:48 EDT [20028]: [3-1] user=mark,db=dbt3,app=psql,client=[local] STATEMENT:  
	CREATE INDEX part_p_name_idx
	ON part(p_name);
2015-08-21 13:37:48 EDT [20028]: [4-1] user=mark,db=dbt3,app=psql,client=[local] LOG:  process 20028 still waiting for ShareLock on relation 16404 of database 16400 after 1009.048 ms
2015-08-21 13:37:48 EDT [20028]: [5-1] user=mark,db=dbt3,app=psql,client=[local] DETAIL:  Process holding the lock: 17493. Wait queue: 20025, 20029, 20026, 20028, 20030.
2015-08-21 13:37:48 EDT [20028]: [6-1] user=mark,db=dbt3,app=psql,client=[local] STATEMENT:  
	CREATE INDEX part_p_name_idx
	ON part(p_name);
2015-08-21 13:37:48 EDT [20030]: [1-1] user=mark,db=dbt3,app=psql,client=[local] LOG:  sending cancel to blocking autovacuum PID 17493
2015-08-21 13:37:48 EDT [20030]: [2-1] user=mark,db=dbt3,app=psql,client=[local] DETAIL:  Process 20030 waits for ShareLock on relation 16404 of database 16400.
2015-08-21 13:37:48 EDT [20030]: [3-1] user=mark,db=dbt3,app=psql,client=[local] STATEMENT:  
	CREATE INDEX part_p_container_p_brand_p_partkey_idx
	ON part(p_container, p_brand, p_partkey);
2015-08-21 13:37:48 EDT [20030]: [4-1] user=mark,db=dbt3,app=psql,client=[local] LOG:  process 20030 still waiting for ShareLock on relation 16404 of database 16400 after 1005.989 ms
2015-08-21 13:37:48 EDT [20030]: [5-1] user=mark,db=dbt3,app=psql,client=[local] DETAIL:  Process holding the lock: 17493. Wait queue: 20025, 20029, 20026, 20028, 20030.
2015-08-21 13:37:48 EDT [20030]: [6-1] user=mark,db=dbt3,app=psql,client=[local] STATEMENT:  
	CREATE INDEX part_p_container_p_brand_p_partkey_idx
	ON part(p_container, p_brand, p_partkey);
2015-08-21 13:37:48 EDT [20040]: [1-1] user=,db=,app=,client= LOG:  Getting relation statistics for public.partsupp
2015-08-21 13:37:48 EDT [20025]: [7-1] user=mark,db=dbt3,app=psql,client=[local] LOG:  process 20025 acquired ShareLock on relation 16404 of database 16400 after 1487.365 ms
2015-08-21 13:37:48 EDT [20025]: [8-1] user=mark,db=dbt3,app=psql,client=[local] STATEMENT:  
	CREATE INDEX part_p_size_idx
	ON part(p_size);
2015-08-21 13:37:48 EDT [17493]: [5-1] user=,db=,app=,client= ERROR:  canceling autovacuum task
2015-08-21 13:37:51 EDT [20040]: [2-1] user=,db=,app=,client= LOG:  Getting detailed statistics for public.partsupp
2015-08-21 13:37:53 EDT [20015]: [1-1] user=mark,db=dbt3,app=psql,client=[local] LOG:  Getting relation statistics for public.region
2015-08-21 13:37:53 EDT [20015]: [2-1] user=mark,db=dbt3,app=psql,client=[local] STATEMENT:  VACUUM ANALYZE region;
2015-08-21 13:37:54 EDT [20018]: [1-1] user=mark,db=dbt3,app=psql,client=[local] LOG:  Getting relation statistics for public.nation
2015-08-21 13:37:54 EDT [20018]: [2-1] user=mark,db=dbt3,app=psql,client=[local] STATEMENT:  VACUUM ANALYZE nation;
2015-08-21 13:37:59 EDT [20029]: [7-1] user=mark,db=dbt3,app=psql,client=[local] LOG:  process 20029 acquired AccessExclusiveLock on relation 16404 of database 16400 after 12519.213 ms
2015-08-21 13:37:59 EDT [20029]: [8-1] user=mark,db=dbt3,app=psql,client=[local] STATEMENT:  
	ALTER TABLE part
	ADD CONSTRAINT pk_part PRIMARY KEY (p_partkey) ;
2015-08-21 13:37:59 EDT [20015]: [3-1] user=mark,db=dbt3,app=psql,client=[local] LOG:  Getting relation statistics for public.region
2015-08-21 13:37:59 EDT [20015]: [4-1] user=mark,db=dbt3,app=psql,client=[local] STATEMENT:  VACUUM ANALYZE region;
2015-08-21 13:38:01 EDT [20018]: [3-1] user=mark,db=dbt3,app=psql,client=[local] LOG:  Getting relation statistics for public.nation
2015-08-21 13:38:01 EDT [20018]: [4-1] user=mark,db=dbt3,app=psql,client=[local] STATEMENT:  VACUUM ANALYZE nation;
2015-08-21 13:38:03 EDT [20015]: [5-1] user=mark,db=dbt3,app=psql,client=[local] LOG:  Getting detailed statistics for public.region
2015-08-21 13:38:03 EDT [20015]: [6-1] user=mark,db=dbt3,app=psql,client=[local] STATEMENT:  VACUUM ANALYZE region;
2015-08-21 13:38:04 EDT [20018]: [5-1] user=mark,db=dbt3,app=psql,client=[local] LOG:  Getting detailed statistics for public.nation
2015-08-21 13:38:04 EDT [20018]: [6-1] user=mark,db=dbt3,app=psql,client=[local] STATEMENT:  VACUUM ANALYZE nation;
2015-08-21 13:38:09 EDT [20026]: [7-1] user=mark,db=dbt3,app=psql,client=[local] LOG:  process 20026 acquired ShareLock on relation 16404 of database 16400 after 22653.354 ms
2015-08-21 13:38:09 EDT [20026]: [8-1] user=mark,db=dbt3,app=psql,client=[local] STATEMENT:  
	CREATE INDEX part_p_type_p_partkey_idx
	ON part(p_type, p_partkey);
2015-08-21 13:38:09 EDT [20028]: [7-1] user=mark,db=dbt3,app=psql,client=[local] LOG:  process 20028 acquired ShareLock on relation 16404 of database 16400 after 22629.234 ms
2015-08-21 13:38:09 EDT [20028]: [8-1] user=mark,db=dbt3,app=psql,client=[local] STATEMENT:  
	CREATE INDEX part_p_name_idx
	ON part(p_name);
2015-08-21 13:38:09 EDT [20030]: [7-1] user=mark,db=dbt3,app=psql,client=[local] LOG:  process 20030 acquired ShareLock on relation 16404 of database 16400 after 22574.299 ms
2015-08-21 13:38:09 EDT [20030]: [8-1] user=mark,db=dbt3,app=psql,client=[local] STATEMENT:  
	CREATE INDEX part_p_container_p_brand_p_partkey_idx
	ON part(p_container, p_brand, p_partkey);
2015-08-21 13:38:47 EDT [20040]: [3-1] user=,db=,app=,client= LOG:  Getting relation statistics for public.orders
2015-08-21 13:38:48 EDT [20280]: [1-1] user=,db=,app=,client= LOG:  Getting relation statistics for public.customer
2015-08-21 13:38:50 EDT [20040]: [4-1] user=,db=,app=,client= LOG:  Getting detailed statistics for public.orders
2015-08-21 13:38:50 EDT [20280]: [2-1] user=,db=,app=,client= LOG:  Getting detailed statistics for public.customer
2015-08-21 13:38:57 EDT [15442]: [9-1] user=,db=,app=,client= LOG:  checkpoint starting: time
2015-08-21 13:39:29 EDT [15442]: [10-1] user=,db=,app=,client= LOG:  checkpoint complete: wrote 289 buffers (0.1%); 0 transaction log file(s) added, 0 removed, 0 recycled; write=30.653 s, sync=1.469 s, total=32.201 s; sync files=27, longest=0.271 s, average=0.054 s; distance=2180 kB, estimate=2180 kB
2015-08-21 13:39:44 EDT [20520]: [1-1] user=mark,db=dbt3,app=psql,client=[local] LOG:  process 20520 still waiting for AccessExclusiveLock on relation 16401 of database 16400 after 1010.025 ms
2015-08-21 13:39:44 EDT [20520]: [2-1] user=mark,db=dbt3,app=psql,client=[local] DETAIL:  Processes holding the lock: 20521, 20522. Wait queue: 20520.
2015-08-21 13:39:44 EDT [20520]: [3-1] user=mark,db=dbt3,app=psql,client=[local] STATEMENT:  
	ALTER TABLE supplier
	ADD CONSTRAINT pk_supplier PRIMARY KEY (s_suppkey) ;
2015-08-21 13:39:48 EDT [20531]: [1-1] user=,db=,app=,client= LOG:  Getting relation statistics for public.part
2015-08-21 13:39:52 EDT [20531]: [2-1] user=,db=,app=,client= LOG:  Getting detailed statistics for public.part
2015-08-21 13:40:09 EDT [20520]: [4-1] user=mark,db=dbt3,app=psql,client=[local] LOG:  process 20520 acquired AccessExclusiveLock on relation 16401 of database 16400 after 25553.567 ms
2015-08-21 13:40:09 EDT [20520]: [5-1] user=mark,db=dbt3,app=psql,client=[local] STATEMENT:  
	ALTER TABLE supplier
	ADD CONSTRAINT pk_supplier PRIMARY KEY (s_suppkey) ;
2015-08-21 13:40:18 EDT [20531]: [3-1] user=,db=,app=,client= LOG:  Getting relation statistics for public.partsupp
2015-08-21 13:40:20 EDT [20531]: [4-1] user=,db=,app=,client= LOG:  Getting detailed statistics for public.partsupp
2015-08-21 13:40:38 EDT [20289]: [1-1] user=mark,db=dbt3,app=psql,client=[local] LOG:  Getting relation statistics for public.part
2015-08-21 13:40:38 EDT [20289]: [2-1] user=mark,db=dbt3,app=psql,client=[local] STATEMENT:  VACUUM ANALYZE part;
2015-08-21 13:40:38 EDT [20531]: [5-1] user=,db=,app=,client= LOG:  Getting relation statistics for public.orders
2015-08-21 13:40:40 EDT [20531]: [6-1] user=,db=,app=,client= LOG:  Getting detailed statistics for public.orders
2015-08-21 13:40:40 EDT [20289]: [3-1] user=mark,db=dbt3,app=psql,client=[local] LOG:  Getting relation statistics for public.part
2015-08-21 13:40:40 EDT [20289]: [4-1] user=mark,db=dbt3,app=psql,client=[local] STATEMENT:  VACUUM ANALYZE part;
2015-08-21 13:40:44 EDT [20289]: [5-1] user=mark,db=dbt3,app=psql,client=[local] LOG:  Getting detailed statistics for public.part
2015-08-21 13:40:44 EDT [20289]: [6-1] user=mark,db=dbt3,app=psql,client=[local] STATEMENT:  VACUUM ANALYZE part;
2015-08-21 13:40:48 EDT [20782]: [1-1] user=,db=,app=,client= LOG:  Getting relation statistics for public.supplier
2015-08-21 13:40:50 EDT [20782]: [2-1] user=,db=,app=,client= LOG:  Getting detailed statistics for public.supplier
2015-08-21 13:41:20 EDT [20782]: [3-1] user=,db=,app=,client= LOG:  Getting relation statistics for public.customer
2015-08-21 13:41:20 EDT [21015]: [1-1] user=mark,db=dbt3,app=psql,client=[local] LOG:  process 21015 still waiting for AccessExclusiveLock on relation 16407 of database 16400 after 1055.898 ms
2015-08-21 13:41:20 EDT [21015]: [2-1] user=mark,db=dbt3,app=psql,client=[local] DETAIL:  Process holding the lock: 21016. Wait queue: 21015.
2015-08-21 13:41:20 EDT [21015]: [3-1] user=mark,db=dbt3,app=psql,client=[local] STATEMENT:  
	ALTER TABLE partsupp
	ADD CONSTRAINT pk_partsupp
	PRIMARY KEY (ps_partkey, ps_suppkey) ;
2015-08-21 13:41:21 EDT [20782]: [4-1] user=,db=,app=,client= LOG:  Getting detailed statistics for public.customer
2015-08-21 13:41:22 EDT [20782]: [5-1] user=,db=,app=,client= LOG:  Getting relation statistics for public.orders
2015-08-21 13:41:24 EDT [20782]: [6-1] user=,db=,app=,client= LOG:  Getting detailed statistics for public.orders
2015-08-21 13:41:31 EDT [20771]: [1-1] user=mark,db=dbt3,app=psql,client=[local] LOG:  Getting relation statistics for public.supplier
2015-08-21 13:41:31 EDT [20771]: [2-1] user=mark,db=dbt3,app=psql,client=[local] STATEMENT:  VACUUM ANALYZE supplier;
2015-08-21 13:41:31 EDT [20771]: [3-1] user=mark,db=dbt3,app=psql,client=[local] LOG:  Getting relation statistics for public.supplier
2015-08-21 13:41:31 EDT [20771]: [4-1] user=mark,db=dbt3,app=psql,client=[local] STATEMENT:  VACUUM ANALYZE supplier;
2015-08-21 13:41:31 EDT [20771]: [5-1] user=mark,db=dbt3,app=psql,client=[local] LOG:  Getting detailed statistics for public.supplier
2015-08-21 13:41:31 EDT [20771]: [6-1] user=mark,db=dbt3,app=psql,client=[local] STATEMENT:  VACUUM ANALYZE supplier;
2015-08-21 13:41:34 EDT [21015]: [4-1] user=mark,db=dbt3,app=psql,client=[local] LOG:  process 21015 acquired AccessExclusiveLock on relation 16407 of database 16400 after 15565.884 ms
2015-08-21 13:41:34 EDT [21015]: [5-1] user=mark,db=dbt3,app=psql,client=[local] STATEMENT:  
	ALTER TABLE partsupp
	ADD CONSTRAINT pk_partsupp
	PRIMARY KEY (ps_partkey, ps_suppkey) ;
2015-08-21 13:41:35 EDT [21029]: [1-1] user=mark,db=dbt3,app=psql,client=[local] LOG:  process 21029 still waiting for AccessExclusiveLock on relation 16410 of database 16400 after 1000.108 ms
2015-08-21 13:41:35 EDT [21029]: [2-1] user=mark,db=dbt3,app=psql,client=[local] DETAIL:  Processes holding the lock: 21032, 21031. Wait queue: 21029, 21030, 21034.
2015-08-21 13:41:35 EDT [21029]: [3-1] user=mark,db=dbt3,app=psql,client=[local] STATEMENT:  
	ALTER TABLE customer
	ADD CONSTRAINT pk_customer PRIMARY KEY (c_custkey) ;
2015-08-21 13:41:35 EDT [21030]: [1-1] user=mark,db=dbt3,app=psql,client=[local] LOG:  process 21030 still waiting for ShareLock on relation 16410 of database 16400 after 1000.087 ms
2015-08-21 13:41:35 EDT [21030]: [2-1] user=mark,db=dbt3,app=psql,client=[local] DETAIL:  Processes holding the lock: 21032, 21031. Wait queue: 21029, 21030, 21034.
2015-08-21 13:41:35 EDT [21030]: [3-1] user=mark,db=dbt3,app=psql,client=[local] STATEMENT:  
	CREATE INDEX customer_c_phone_idx_c_acctbal
	ON customer (substr(c_phone::text, 1, 2))
	WHERE c_acctbal > 0.00;
2015-08-21 13:41:35 EDT [21034]: [1-1] user=mark,db=dbt3,app=psql,client=[local] LOG:  process 21034 still waiting for ShareLock on relation 16410 of database 16400 after 1009.942 ms
2015-08-21 13:41:35 EDT [21034]: [2-1] user=mark,db=dbt3,app=psql,client=[local] DETAIL:  Processes holding the lock: 21032, 21031. Wait queue: 21029, 21030, 21034.
2015-08-21 13:41:35 EDT [21034]: [3-1] user=mark,db=dbt3,app=psql,client=[local] STATEMENT:  
	CREATE INDEX customer_c_phone_idx
	ON customer (substr(c_phone::text, 1, 2), c_acctbal);
2015-08-21 13:41:48 EDT [21047]: [1-1] user=,db=,app=,client= LOG:  Getting relation statistics for public.partsupp
2015-08-21 13:41:48 EDT [21047]: [2-1] user=,db=,app=,client= LOG:  Getting detailed statistics for public.partsupp
2015-08-21 13:42:48 EDT [21288]: [1-1] user=,db=,app=,client= LOG:  Getting relation statistics for public.orders
2015-08-21 13:42:48 EDT [21288]: [2-1] user=,db=,app=,client= LOG:  Getting detailed statistics for public.orders
2015-08-21 13:43:29 EDT [21040]: [1-1] user=mark,db=dbt3,app=psql,client=[local] LOG:  Getting relation statistics for public.partsupp
2015-08-21 13:43:29 EDT [21040]: [2-1] user=mark,db=dbt3,app=psql,client=[local] STATEMENT:  VACUUM ANALYZE partsupp;
2015-08-21 13:43:30 EDT [21040]: [3-1] user=mark,db=dbt3,app=psql,client=[local] LOG:  Getting relation statistics for public.partsupp
2015-08-21 13:43:30 EDT [21040]: [4-1] user=mark,db=dbt3,app=psql,client=[local] STATEMENT:  VACUUM ANALYZE partsupp;
2015-08-21 13:43:30 EDT [21040]: [5-1] user=mark,db=dbt3,app=psql,client=[local] LOG:  Getting detailed statistics for public.partsupp
2015-08-21 13:43:30 EDT [21040]: [6-1] user=mark,db=dbt3,app=psql,client=[local] STATEMENT:  VACUUM ANALYZE partsupp;
2015-08-21 13:43:42 EDT [21526]: [1-1] user=mark,db=dbt3,app=psql,client=[local] LOG:  process 21526 still waiting for AccessExclusiveLock on relation 16413 of database 16400 after 1000.320 ms
2015-08-21 13:43:42 EDT [21526]: [2-1] user=mark,db=dbt3,app=psql,client=[local] DETAIL:  Process holding the lock: 21527. Wait queue: 21526, 21528.
2015-08-21 13:43:42 EDT [21526]: [3-1] user=mark,db=dbt3,app=psql,client=[local] STATEMENT:  
	ALTER TABLE orders
	ADD CONSTRAINT pk_orders PRIMARY KEY (o_orderkey) ;
2015-08-21 13:43:42 EDT [21528]: [1-1] user=mark,db=dbt3,app=psql,client=[local] LOG:  process 21528 still waiting for ShareLock on relation 16413 of database 16400 after 1001.357 ms
2015-08-21 13:43:42 EDT [21528]: [2-1] user=mark,db=dbt3,app=psql,client=[local] DETAIL:  Process holding the lock: 21527. Wait queue: 21526, 21528.
2015-08-21 13:43:42 EDT [21528]: [3-1] user=mark,db=dbt3,app=psql,client=[local] STATEMENT:  
	CREATE INDEX orders_o_orderdate_o_orderkey_idx
	ON orders (o_orderdate, o_orderkey);
2015-08-21 13:43:57 EDT [15442]: [11-1] user=,db=,app=,client= LOG:  checkpoint starting: time
2015-08-21 13:44:28 EDT [21526]: [4-1] user=mark,db=dbt3,app=psql,client=[local] LOG:  process 21526 acquired AccessExclusiveLock on relation 16413 of database 16400 after 46649.902 ms
2015-08-21 13:44:28 EDT [21526]: [5-1] user=mark,db=dbt3,app=psql,client=[local] STATEMENT:  
	ALTER TABLE orders
	ADD CONSTRAINT pk_orders PRIMARY KEY (o_orderkey) ;
2015-08-21 13:44:28 EDT [21029]: [4-1] user=mark,db=dbt3,app=psql,client=[local] LOG:  process 21029 acquired AccessExclusiveLock on relation 16410 of database 16400 after 174329.477 ms
2015-08-21 13:44:28 EDT [21029]: [5-1] user=mark,db=dbt3,app=psql,client=[local] STATEMENT:  
	ALTER TABLE customer
	ADD CONSTRAINT pk_customer PRIMARY KEY (c_custkey) ;
2015-08-21 13:45:05 EDT [21528]: [4-1] user=mark,db=dbt3,app=psql,client=[local] LOG:  process 21528 acquired ShareLock on relation 16413 of database 16400 after 83346.984 ms
2015-08-21 13:45:05 EDT [21528]: [5-1] user=mark,db=dbt3,app=psql,client=[local] STATEMENT:  
	CREATE INDEX orders_o_orderdate_o_orderkey_idx
	ON orders (o_orderdate, o_orderkey);
2015-08-21 13:45:08 EDT [21034]: [4-1] user=mark,db=dbt3,app=psql,client=[local] LOG:  process 21034 acquired ShareLock on relation 16410 of database 16400 after 214485.111 ms
2015-08-21 13:45:08 EDT [21034]: [5-1] user=mark,db=dbt3,app=psql,client=[local] STATEMENT:  
	CREATE INDEX customer_c_phone_idx
	ON customer (substr(c_phone::text, 1, 2), c_acctbal);
2015-08-21 13:45:08 EDT [21030]: [4-1] user=mark,db=dbt3,app=psql,client=[local] LOG:  process 21030 acquired ShareLock on relation 16410 of database 16400 after 214519.203 ms
2015-08-21 13:45:08 EDT [21030]: [5-1] user=mark,db=dbt3,app=psql,client=[local] STATEMENT:  
	CREATE INDEX customer_c_phone_idx_c_acctbal
	ON customer (substr(c_phone::text, 1, 2))
	WHERE c_acctbal > 0.00;
2015-08-21 13:45:48 EDT [15442]: [12-1] user=,db=,app=,client= LOG:  checkpoint complete: wrote 1070 buffers (0.2%); 0 transaction log file(s) added, 0 removed, 0 recycled; write=110.255 s, sync=0.007 s, total=110.376 s; sync files=26, longest=0.002 s, average=0.000 s; distance=8657 kB, estimate=8657 kB
2015-08-21 13:45:48 EDT [22025]: [1-1] user=,db=,app=,client= LOG:  Getting relation statistics for public.orders
2015-08-21 13:45:48 EDT [22025]: [2-1] user=,db=,app=,client= LOG:  Getting detailed statistics for public.orders
2015-08-21 13:47:48 EDT [22506]: [1-1] user=,db=,app=,client= LOG:  Getting relation statistics for public.customer
2015-08-21 13:47:48 EDT [22506]: [2-1] user=,db=,app=,client= LOG:  Getting detailed statistics for public.customer
2015-08-21 13:48:46 EDT [22017]: [1-1] user=mark,db=dbt3,app=psql,client=[local] LOG:  Getting relation statistics for public.orders
2015-08-21 13:48:46 EDT [22017]: [2-1] user=mark,db=dbt3,app=psql,client=[local] STATEMENT:  VACUUM ANALYZE orders;
2015-08-21 13:48:46 EDT [22017]: [3-1] user=mark,db=dbt3,app=psql,client=[local] LOG:  Getting relation statistics for public.orders
2015-08-21 13:48:46 EDT [22017]: [4-1] user=mark,db=dbt3,app=psql,client=[local] STATEMENT:  VACUUM ANALYZE orders;
2015-08-21 13:48:46 EDT [22017]: [5-1] user=mark,db=dbt3,app=psql,client=[local] LOG:  Getting detailed statistics for public.orders
2015-08-21 13:48:46 EDT [22017]: [6-1] user=mark,db=dbt3,app=psql,client=[local] STATEMENT:  VACUUM ANALYZE orders;
2015-08-21 13:48:57 EDT [15442]: [13-1] user=,db=,app=,client= LOG:  checkpoint starting: time
2015-08-21 13:49:25 EDT [15442]: [14-1] user=,db=,app=,client= LOG:  checkpoint complete: wrote 265 buffers (0.1%); 0 transaction log file(s) added, 0 removed, 1 recycled; write=27.385 s, sync=0.784 s, total=28.417 s; sync files=25, longest=0.178 s, average=0.031 s; distance=1982 kB, estimate=7990 kB
2015-08-21 13:52:35 EDT [22499]: [1-1] user=mark,db=dbt3,app=psql,client=[local] LOG:  Getting relation statistics for public.customer
2015-08-21 13:52:35 EDT [22499]: [2-1] user=mark,db=dbt3,app=psql,client=[local] STATEMENT:  VACUUM ANALYZE customer;
2015-08-21 13:52:35 EDT [22499]: [3-1] user=mark,db=dbt3,app=psql,client=[local] LOG:  Getting relation statistics for public.customer
2015-08-21 13:52:35 EDT [22499]: [4-1] user=mark,db=dbt3,app=psql,client=[local] STATEMENT:  VACUUM ANALYZE customer;
2015-08-21 13:52:35 EDT [22499]: [5-1] user=mark,db=dbt3,app=psql,client=[local] LOG:  Getting detailed statistics for public.customer
2015-08-21 13:52:35 EDT [22499]: [6-1] user=mark,db=dbt3,app=psql,client=[local] STATEMENT:  VACUUM ANALYZE customer;
2015-08-21 13:53:57 EDT [15442]: [15-1] user=,db=,app=,client= LOG:  checkpoint starting: time
2015-08-21 13:54:27 EDT [15442]: [16-1] user=,db=,app=,client= LOG:  checkpoint complete: wrote 282 buffers (0.1%); 0 transaction log file(s) added, 0 removed, 0 recycled; write=29.055 s, sync=0.119 s, total=29.430 s; sync files=7, longest=0.054 s, average=0.017 s; distance=1081 kB, estimate=7299 kB
2015-08-21 13:58:18 EDT [25099]: [1-1] user=,db=,app=,client= LOG:  Getting relation statistics for public.lineitem
2015-08-21 13:58:18 EDT [25099]: [2-1] user=,db=,app=,client= LOG:  Getting detailed statistics for public.lineitem
2015-08-21 13:58:57 EDT [15442]: [17-1] user=,db=,app=,client= LOG:  checkpoint starting: time
2015-08-21 13:58:57 EDT [15442]: [18-1] user=,db=,app=,client= LOG:  checkpoint complete: wrote 0 buffers (0.0%); 0 transaction log file(s) added, 0 removed, 0 recycled; write=0.005 s, sync=0.000 s, total=0.009 s; sync files=0, longest=0.000 s, average=0.000 s; distance=5 kB, estimate=6569 kB
2015-08-21 13:59:03 EDT [25229]: [1-1] user=mark,db=dbt3,app=psql,client=[local] LOG:  process 25229 still waiting for AccessExclusiveLock on relation 16416 of database 16400 after 1000.128 ms
2015-08-21 13:59:03 EDT [25229]: [2-1] user=mark,db=dbt3,app=psql,client=[local] DETAIL:  Processes holding the lock: 25231, 25235, 25232, 25237, 25236. Wait queue: 25229, 25230, 25233.
2015-08-21 13:59:03 EDT [25229]: [3-1] user=mark,db=dbt3,app=psql,client=[local] STATEMENT:  
	ALTER TABLE lineitem
	ADD CONSTRAINT pk_lineitem PRIMARY KEY (l_orderkey, l_linenumber) ;
2015-08-21 13:59:03 EDT [25230]: [1-1] user=mark,db=dbt3,app=psql,client=[local] LOG:  process 25230 still waiting for ShareLock on relation 16416 of database 16400 after 1000.098 ms
2015-08-21 13:59:03 EDT [25230]: [2-1] user=mark,db=dbt3,app=psql,client=[local] DETAIL:  Processes holding the lock: 25231, 25235, 25232, 25237, 25236. Wait queue: 25229, 25230, 25233.
2015-08-21 13:59:03 EDT [25230]: [3-1] user=mark,db=dbt3,app=psql,client=[local] STATEMENT:  
	CREATE INDEX lineitem_l_partkey_l_quantity_l_shipmode_idx
	ON lineitem (l_partkey, l_quantity, l_shipmode);
2015-08-21 13:59:03 EDT [25233]: [1-1] user=mark,db=dbt3,app=psql,client=[local] LOG:  process 25233 still waiting for ShareLock on relation 16416 of database 16400 after 1000.099 ms
2015-08-21 13:59:03 EDT [25233]: [2-1] user=mark,db=dbt3,app=psql,client=[local] DETAIL:  Processes holding the lock: 25231, 25235, 25232, 25237, 25236. Wait queue: 25229, 25230, 25233.
2015-08-21 13:59:03 EDT [25233]: [3-1] user=mark,db=dbt3,app=psql,client=[local] STATEMENT:  
	CREATE INDEX lineitem_l_shipdate_l_suppkey__idx
	ON lineitem (l_shipdate, l_suppkey);
2015-08-21 14:03:08 EDT [25229]: [4-1] user=mark,db=dbt3,app=psql,client=[local] LOG:  process 25229 acquired AccessExclusiveLock on relation 16416 of database 16400 after 245978.258 ms
2015-08-21 14:03:08 EDT [25229]: [5-1] user=mark,db=dbt3,app=psql,client=[local] STATEMENT:  
	ALTER TABLE lineitem
	ADD CONSTRAINT pk_lineitem PRIMARY KEY (l_orderkey, l_linenumber) ;
2015-08-21 14:03:57 EDT [15442]: [19-1] user=,db=,app=,client= LOG:  checkpoint starting: time
2015-08-21 14:04:36 EDT [25230]: [4-1] user=mark,db=dbt3,app=psql,client=[local] LOG:  process 25230 acquired ShareLock on relation 16416 of database 16400 after 333715.958 ms
2015-08-21 14:04:36 EDT [25230]: [5-1] user=mark,db=dbt3,app=psql,client=[local] STATEMENT:  
	CREATE INDEX lineitem_l_partkey_l_quantity_l_shipmode_idx
	ON lineitem (l_partkey, l_quantity, l_shipmode);
2015-08-21 14:04:36 EDT [25233]: [4-1] user=mark,db=dbt3,app=psql,client=[local] LOG:  process 25233 acquired ShareLock on relation 16416 of database 16400 after 333715.833 ms
2015-08-21 14:04:36 EDT [25233]: [5-1] user=mark,db=dbt3,app=psql,client=[local] STATEMENT:  
	CREATE INDEX lineitem_l_shipdate_l_suppkey__idx
	ON lineitem (l_shipdate, l_suppkey);
2015-08-21 14:06:08 EDT [15442]: [20-1] user=,db=,app=,client= LOG:  checkpoint complete: wrote 1314 buffers (0.3%); 0 transaction log file(s) added, 0 removed, 0 recycled; write=131.395 s, sync=0.011 s, total=131.411 s; sync files=22, longest=0.009 s, average=0.000 s; distance=479 kB, estimate=5960 kB
2015-08-21 14:07:18 EDT [27284]: [1-1] user=,db=,app=,client= LOG:  Getting relation statistics for public.lineitem
2015-08-21 14:07:19 EDT [27284]: [2-1] user=,db=,app=,client= LOG:  Getting detailed statistics for public.lineitem
2015-08-21 14:08:57 EDT [15442]: [21-1] user=,db=,app=,client= LOG:  checkpoint starting: time
2015-08-21 14:08:59 EDT [15442]: [22-1] user=,db=,app=,client= LOG:  checkpoint complete: wrote 20 buffers (0.0%); 0 transaction log file(s) added, 0 removed, 0 recycled; write=1.909 s, sync=0.010 s, total=1.924 s; sync files=12, longest=0.001 s, average=0.000 s; distance=125 kB, estimate=5377 kB
2015-08-21 14:11:21 EDT [27049]: [1-1] user=mark,db=dbt3,app=psql,client=[local] LOG:  Getting relation statistics for public.lineitem
2015-08-21 14:11:21 EDT [27049]: [2-1] user=mark,db=dbt3,app=psql,client=[local] STATEMENT:  VACUUM ANALYZE lineitem;
2015-08-21 14:11:21 EDT [27049]: [3-1] user=mark,db=dbt3,app=psql,client=[local] LOG:  Getting relation statistics for public.lineitem
2015-08-21 14:11:21 EDT [27049]: [4-1] user=mark,db=dbt3,app=psql,client=[local] STATEMENT:  VACUUM ANALYZE lineitem;
2015-08-21 14:11:21 EDT [27049]: [5-1] user=mark,db=dbt3,app=psql,client=[local] LOG:  Getting detailed statistics for public.lineitem
2015-08-21 14:11:21 EDT [27049]: [6-1] user=mark,db=dbt3,app=psql,client=[local] STATEMENT:  VACUUM ANALYZE lineitem;
2015-08-21 14:11:30 EDT [15439]: [2-1] user=,db=,app=,client= LOG:  received fast shutdown request
2015-08-21 14:11:30 EDT [15439]: [3-1] user=,db=,app=,client= LOG:  aborting any active transactions
2015-08-21 14:11:30 EDT [15445]: [2-1] user=,db=,app=,client= LOG:  autovacuum launcher shutting down
2015-08-21 14:11:30 EDT [15442]: [23-1] user=,db=,app=,client= LOG:  shutting down
2015-08-21 14:11:30 EDT [15442]: [24-1] user=,db=,app=,client= LOG:  checkpoint starting: shutdown immediate
2015-08-21 14:11:30 EDT [15442]: [25-1] user=,db=,app=,client= LOG:  checkpoint complete: wrote 109 buffers (0.0%); 0 transaction log file(s) added, 0 removed, 0 recycled; write=0.006 s, sync=0.026 s, total=0.038 s; sync files=24, longest=0.003 s, average=0.001 s; distance=718 kB, estimate=4911 kB
2015-08-21 14:11:30 EDT [15442]: [26-1] user=,db=,app=,client= LOG:  database system is shut down
